select goods_id,goods_name,shop_price from goods where goods_id= 881
select goods_id,goods_name,shop_price from goods where goods_id= 971
select goods_id,goods_name,shop_price from goods where goods_id= 337
select goods_id,goods_name,shop_price from goods where goods_id= 101
select goods_id,goods_name,shop_price from goods where goods_id= 237
select goods_id,goods_name,shop_price from goods where goods_id= 641
select goods_id,goods_name,shop_price from goods where goods_id= 949
select goods_id,goods_name,shop_price from goods where goods_id= 36
select goods_id,goods_name,shop_price from goods where goods_id= 642
select goods_id,goods_name,shop_price from goods where goods_id= 367
select goods_id,goods_name,shop_price from goods where goods_id= 462
select goods_id,goods_name,shop_price from goods where goods_id= 967
select goods_id,goods_name,shop_price from goods where goods_id= 25
select goods_id,goods_name,shop_price from goods where goods_id= 326
select goods_id,goods_name,shop_price from goods where goods_id= 22
select goods_id,goods_name,shop_price from goods where goods_id= 122
select goods_id,goods_name,shop_price from goods where goods_id= 817
select goods_id,goods_name,shop_price from goods where goods_id= 665
select goods_id,goods_name,shop_price from goods where goods_id= 204
select goods_id,goods_name,shop_price from goods where goods_id= 551
select goods_id,goods_name,shop_price from goods where goods_id= 71
select goods_id,goods_name,shop_price from goods where goods_id= 297
select goods_id,goods_name,shop_price from goods where goods_id= 248
select goods_id,goods_name,shop_price from goods where goods_id= 16
select goods_id,goods_name,shop_price from goods where goods_id= 866
select goods_id,goods_name,shop_price from goods where goods_id= 549
select goods_id,goods_name,shop_price from goods where goods_id= 592
select goods_id,goods_name,shop_price from goods where goods_id= 406
select goods_id,goods_name,shop_price from goods where goods_id= 281
select goods_id,goods_name,shop_price from goods where goods_id= 385
select goods_id,goods_name,shop_price from goods where goods_id= 787
select goods_id,goods_name,shop_price from goods where goods_id= 517
select goods_id,goods_name,shop_price from goods where goods_id= 267
select goods_id,goods_name,shop_price from goods where goods_id= 269
select goods_id,goods_name,shop_price from goods where goods_id= 75
select goods_id,goods_name,shop_price from goods where goods_id= 837
select goods_id,goods_name,shop_price from goods where goods_id= 947
select goods_id,goods_name,shop_price from goods where goods_id= 40
select goods_id,goods_name,shop_price from goods where goods_id= 689
select goods_id,goods_name,shop_price from goods where goods_id= 159
select goods_id,goods_name,shop_price from goods where goods_id= 713
select goods_id,goods_name,shop_price from goods where goods_id= 390
select goods_id,goods_name,shop_price from goods where goods_id= 108
select goods_id,goods_name,shop_price from goods where goods_id= 654
select goods_id,goods_name,shop_price from goods where goods_id= 708
select goods_id,goods_name,shop_price from goods where goods_id= 240
select goods_id,goods_name,shop_price from goods where goods_id= 30
select goods_id,goods_name,shop_price from goods where goods_id= 8
select goods_id,goods_name,shop_price from goods where goods_id= 542
select goods_id,goods_name,shop_price from goods where goods_id= 615
select goods_id,goods_name,shop_price from goods where goods_id= 873
select goods_id,goods_name,shop_price from goods where goods_id= 158
select goods_id,goods_name,shop_price from goods where goods_id= 588
select goods_id,goods_name,shop_price from goods where goods_id= 156
select goods_id,goods_name,shop_price from goods where goods_id= 301
select goods_id,goods_name,shop_price from goods where goods_id= 51
select goods_id,goods_name,shop_price from goods where goods_id= 905
select goods_id,goods_name,shop_price from goods where goods_id= 729
select goods_id,goods_name,shop_price from goods where goods_id= 850
select goods_id,goods_name,shop_price from goods where goods_id= 328
select goods_id,goods_name,shop_price from goods where goods_id= 208
select goods_id,goods_name,shop_price from goods where goods_id= 315
select goods_id,goods_name,shop_price from goods where goods_id= 646
select goods_id,goods_name,shop_price from goods where goods_id= 368
select goods_id,goods_name,shop_price from goods where goods_id= 352
select goods_id,goods_name,shop_price from goods where goods_id= 471
select goods_id,goods_name,shop_price from goods where goods_id= 370
select goods_id,goods_name,shop_price from goods where goods_id= 898
select goods_id,goods_name,shop_price from goods where goods_id= 865
select goods_id,goods_name,shop_price from goods where goods_id= 466
select goods_id,goods_name,shop_price from goods where goods_id= 856
select goods_id,goods_name,shop_price from goods where goods_id= 705
select goods_id,goods_name,shop_price from goods where goods_id= 529
select goods_id,goods_name,shop_price from goods where goods_id= 577
select goods_id,goods_name,shop_price from goods where goods_id= 78
select goods_id,goods_name,shop_price from goods where goods_id= 544
select goods_id,goods_name,shop_price from goods where goods_id= 285
select goods_id,goods_name,shop_price from goods where goods_id= 220
select goods_id,goods_name,shop_price from goods where goods_id= 676
select goods_id,goods_name,shop_price from goods where goods_id= 254
select goods_id,goods_name,shop_price from goods where goods_id= 113
select goods_id,goods_name,shop_price from goods where goods_id= 204
select goods_id,goods_name,shop_price from goods where goods_id= 640
select goods_id,goods_name,shop_price from goods where goods_id= 962
select goods_id,goods_name,shop_price from goods where goods_id= 40
select goods_id,goods_name,shop_price from goods where goods_id= 85
select goods_id,goods_name,shop_price from goods where goods_id= 187
select goods_id,goods_name,shop_price from goods where goods_id= 227
select goods_id,goods_name,shop_price from goods where goods_id= 373
select goods_id,goods_name,shop_price from goods where goods_id= 29
select goods_id,goods_name,shop_price from goods where goods_id= 744
select goods_id,goods_name,shop_price from goods where goods_id= 329
select goods_id,goods_name,shop_price from goods where goods_id= 34
select goods_id,goods_name,shop_price from goods where goods_id= 332
select goods_id,goods_name,shop_price from goods where goods_id= 761
select goods_id,goods_name,shop_price from goods where goods_id= 125
select goods_id,goods_name,shop_price from goods where goods_id= 659
select goods_id,goods_name,shop_price from goods where goods_id= 104
select goods_id,goods_name,shop_price from goods where goods_id= 616
select goods_id,goods_name,shop_price from goods where goods_id= 415
select goods_id,goods_name,shop_price from goods where goods_id= 832
select goods_id,goods_name,shop_price from goods where goods_id= 295
select goods_id,goods_name,shop_price from goods where goods_id= 758
select goods_id,goods_name,shop_price from goods where goods_id= 820
select goods_id,goods_name,shop_price from goods where goods_id= 436
select goods_id,goods_name,shop_price from goods where goods_id= 307
select goods_id,goods_name,shop_price from goods where goods_id= 487
select goods_id,goods_name,shop_price from goods where goods_id= 891
select goods_id,goods_name,shop_price from goods where goods_id= 820
select goods_id,goods_name,shop_price from goods where goods_id= 671
select goods_id,goods_name,shop_price from goods where goods_id= 86
select goods_id,goods_name,shop_price from goods where goods_id= 368
select goods_id,goods_name,shop_price from goods where goods_id= 912
select goods_id,goods_name,shop_price from goods where goods_id= 932
select goods_id,goods_name,shop_price from goods where goods_id= 814
select goods_id,goods_name,shop_price from goods where goods_id= 484
select goods_id,goods_name,shop_price from goods where goods_id= 384
select goods_id,goods_name,shop_price from goods where goods_id= 156
select goods_id,goods_name,shop_price from goods where goods_id= 672
select goods_id,goods_name,shop_price from goods where goods_id= 183
select goods_id,goods_name,shop_price from goods where goods_id= 50
select goods_id,goods_name,shop_price from goods where goods_id= 152
select goods_id,goods_name,shop_price from goods where goods_id= 769
select goods_id,goods_name,shop_price from goods where goods_id= 654
select goods_id,goods_name,shop_price from goods where goods_id= 88
select goods_id,goods_name,shop_price from goods where goods_id= 188
select goods_id,goods_name,shop_price from goods where goods_id= 452
select goods_id,goods_name,shop_price from goods where goods_id= 101
select goods_id,goods_name,shop_price from goods where goods_id= 236
select goods_id,goods_name,shop_price from goods where goods_id= 54
select goods_id,goods_name,shop_price from goods where goods_id= 173
select goods_id,goods_name,shop_price from goods where goods_id= 687
select goods_id,goods_name,shop_price from goods where goods_id= 488
select goods_id,goods_name,shop_price from goods where goods_id= 875
select goods_id,goods_name,shop_price from goods where goods_id= 41
select goods_id,goods_name,shop_price from goods where goods_id= 600
select goods_id,goods_name,shop_price from goods where goods_id= 541
select goods_id,goods_name,shop_price from goods where goods_id= 523
select goods_id,goods_name,shop_price from goods where goods_id= 343
select goods_id,goods_name,shop_price from goods where goods_id= 437
select goods_id,goods_name,shop_price from goods where goods_id= 933
select goods_id,goods_name,shop_price from goods where goods_id= 16
select goods_id,goods_name,shop_price from goods where goods_id= 431
select goods_id,goods_name,shop_price from goods where goods_id= 910
select goods_id,goods_name,shop_price from goods where goods_id= 396
select goods_id,goods_name,shop_price from goods where goods_id= 960
select goods_id,goods_name,shop_price from goods where goods_id= 794
select goods_id,goods_name,shop_price from goods where goods_id= 5
select goods_id,goods_name,shop_price from goods where goods_id= 533
select goods_id,goods_name,shop_price from goods where goods_id= 346
select goods_id,goods_name,shop_price from goods where goods_id= 662
select goods_id,goods_name,shop_price from goods where goods_id= 940
select goods_id,goods_name,shop_price from goods where goods_id= 672
select goods_id,goods_name,shop_price from goods where goods_id= 596
select goods_id,goods_name,shop_price from goods where goods_id= 381
select goods_id,goods_name,shop_price from goods where goods_id= 794
select goods_id,goods_name,shop_price from goods where goods_id= 439
select goods_id,goods_name,shop_price from goods where goods_id= 640
select goods_id,goods_name,shop_price from goods where goods_id= 693
select goods_id,goods_name,shop_price from goods where goods_id= 587
select goods_id,goods_name,shop_price from goods where goods_id= 714
select goods_id,goods_name,shop_price from goods where goods_id= 25
select goods_id,goods_name,shop_price from goods where goods_id= 571
select goods_id,goods_name,shop_price from goods where goods_id= 588
select goods_id,goods_name,shop_price from goods where goods_id= 303
select goods_id,goods_name,shop_price from goods where goods_id= 480
select goods_id,goods_name,shop_price from goods where goods_id= 891
select goods_id,goods_name,shop_price from goods where goods_id= 891
select goods_id,goods_name,shop_price from goods where goods_id= 756
select goods_id,goods_name,shop_price from goods where goods_id= 818
select goods_id,goods_name,shop_price from goods where goods_id= 155
select goods_id,goods_name,shop_price from goods where goods_id= 48
select goods_id,goods_name,shop_price from goods where goods_id= 797
select goods_id,goods_name,shop_price from goods where goods_id= 500
select goods_id,goods_name,shop_price from goods where goods_id= 924
select goods_id,goods_name,shop_price from goods where goods_id= 824
select goods_id,goods_name,shop_price from goods where goods_id= 186
select goods_id,goods_name,shop_price from goods where goods_id= 366
select goods_id,goods_name,shop_price from goods where goods_id= 81
select goods_id,goods_name,shop_price from goods where goods_id= 29
select goods_id,goods_name,shop_price from goods where goods_id= 345
select goods_id,goods_name,shop_price from goods where goods_id= 720
select goods_id,goods_name,shop_price from goods where goods_id= 167
select goods_id,goods_name,shop_price from goods where goods_id= 341
select goods_id,goods_name,shop_price from goods where goods_id= 525
select goods_id,goods_name,shop_price from goods where goods_id= 673
select goods_id,goods_name,shop_price from goods where goods_id= 119
select goods_id,goods_name,shop_price from goods where goods_id= 697
select goods_id,goods_name,shop_price from goods where goods_id= 612
select goods_id,goods_name,shop_price from goods where goods_id= 231
select goods_id,goods_name,shop_price from goods where goods_id= 493
select goods_id,goods_name,shop_price from goods where goods_id= 536
select goods_id,goods_name,shop_price from goods where goods_id= 470
select goods_id,goods_name,shop_price from goods where goods_id= 984
select goods_id,goods_name,shop_price from goods where goods_id= 130
select goods_id,goods_name,shop_price from goods where goods_id= 555
select goods_id,goods_name,shop_price from goods where goods_id= 455
select goods_id,goods_name,shop_price from goods where goods_id= 722
select goods_id,goods_name,shop_price from goods where goods_id= 579
select goods_id,goods_name,shop_price from goods where goods_id= 608
记录
记录
记录
记录
use boolshop
set names utf8
use boolshop
set names utf8
insert into test(t1,t2) values(',')
use boolshop
set names utf8
insert into test(t1,t2) values('ttt1,')
